0 info it worked if it ends with ok
1 verbose cli [ 'node',
1 verbose cli   '/usr/local/bin/npm',
1 verbose cli   'install',
1 verbose cli   '-g',
1 verbose cli   'cordova',
1 verbose cli   'ionic' ]
2 info using npm@1.4.28
3 info using node@v0.10.32
4 verbose cache add [ 'cordova', null ]
5 verbose cache add name=undefined spec="cordova" args=["cordova",null]
6 verbose parsed url { protocol: null,
6 verbose parsed url   slashes: null,
6 verbose parsed url   auth: null,
6 verbose parsed url   host: null,
6 verbose parsed url   port: null,
6 verbose parsed url   hostname: null,
6 verbose parsed url   hash: null,
6 verbose parsed url   search: null,
6 verbose parsed url   query: null,
6 verbose parsed url   pathname: 'cordova',
6 verbose parsed url   path: 'cordova',
6 verbose parsed url   href: 'cordova' }
7 verbose cache add [ 'ionic', null ]
8 verbose cache add name=undefined spec="ionic" args=["ionic",null]
9 verbose parsed url { protocol: null,
9 verbose parsed url   slashes: null,
9 verbose parsed url   auth: null,
9 verbose parsed url   host: null,
9 verbose parsed url   port: null,
9 verbose parsed url   hostname: null,
9 verbose parsed url   hash: null,
9 verbose parsed url   search: null,
9 verbose parsed url   query: null,
9 verbose parsed url   pathname: 'ionic',
9 verbose parsed url   path: 'ionic',
9 verbose parsed url   href: 'ionic' }
10 silly lockFile a98f2055-cordova cordova
11 verbose lock cordova /Users/Philip/.npm/a98f2055-cordova.lock
12 silly lockFile 00d10074-ionic ionic
13 verbose lock ionic /Users/Philip/.npm/00d10074-ionic.lock
14 silly lockFile 00d10074-ionic ionic
15 silly lockFile 00d10074-ionic ionic
16 silly lockFile a98f2055-cordova cordova
17 silly lockFile a98f2055-cordova cordova
18 verbose addNamed [ 'ionic', '' ]
19 verbose addNamed [ null, '*' ]
20 silly lockFile 966fc04a-ionic ionic@
21 verbose lock ionic@ /Users/Philip/.npm/966fc04a-ionic.lock
22 verbose addNamed [ 'cordova', '' ]
23 verbose addNamed [ null, '*' ]
24 silly lockFile de8d9fad-cordova cordova@
25 verbose lock cordova@ /Users/Philip/.npm/de8d9fad-cordova.lock
26 silly addNameRange { name: 'ionic', range: '*', hasData: false }
27 silly addNameRange { name: 'cordova', range: '*', hasData: false }
28 verbose request where is /ionic
29 verbose request registry https://registry.npmjs.org/
30 verbose request id ed5ca7099024a2a9
31 verbose url raw /ionic
32 verbose url resolving [ 'https://registry.npmjs.org/', './ionic' ]
33 verbose url resolved https://registry.npmjs.org/ionic
34 verbose request where is https://registry.npmjs.org/ionic
35 info trying registry request attempt 1 at 00:47:43
36 verbose etag "3Q246Z126R9HY2JY9D9S7KIBF"
37 http GET https://registry.npmjs.org/ionic
38 verbose request where is /cordova
39 verbose request registry https://registry.npmjs.org/
40 verbose url raw /cordova
41 verbose url resolving [ 'https://registry.npmjs.org/', './cordova' ]
42 verbose url resolved https://registry.npmjs.org/cordova
43 verbose request where is https://registry.npmjs.org/cordova
44 info trying registry request attempt 1 at 00:47:43
45 verbose etag "94O8WDLA3RWK514X6B8UGJQJV"
46 http GET https://registry.npmjs.org/cordova
47 http 304 https://registry.npmjs.org/ionic
48 silly registry.get cb [ 304,
48 silly registry.get   { date: 'Sun, 08 Feb 2015 05:47:43 GMT',
48 silly registry.get     server: 'Apache',
48 silly registry.get     via: '1.1 varnish',
48 silly registry.get     'last-modified': 'Sun, 08 Feb 2015 05:47:43 GMT',
48 silly registry.get     'cache-control': 'max-age=60',
48 silly registry.get     etag: '"3Q246Z126R9HY2JY9D9S7KIBF"',
48 silly registry.get     age: '45',
48 silly registry.get     'x-served-by': 'cache-atl6234-ATL',
48 silly registry.get     'x-cache': 'HIT',
48 silly registry.get     'x-cache-hits': '1',
48 silly registry.get     'x-timer': 'S1423374463.716771,VS0,VE2',
48 silly registry.get     vary: 'Accept',
48 silly registry.get     'content-length': '0',
48 silly registry.get     'keep-alive': 'timeout=10, max=50',
48 silly registry.get     connection: 'Keep-Alive' } ]
49 verbose etag https://registry.npmjs.org/ionic from cache
50 silly addNameRange number 2 { name: 'ionic', range: '*', hasData: true }
51 silly addNameRange versions [ 'ionic',
51 silly addNameRange   [ '0.9.6',
51 silly addNameRange     '0.9.8',
51 silly addNameRange     '0.9.9',
51 silly addNameRange     '0.9.10',
51 silly addNameRange     '0.9.11',
51 silly addNameRange     '0.9.12',
51 silly addNameRange     '0.9.13',
51 silly addNameRange     '0.9.14',
51 silly addNameRange     '0.9.15',
51 silly addNameRange     '0.9.16',
51 silly addNameRange     '1.0.0-beta.1',
51 silly addNameRange     '1.0.0-beta',
51 silly addNameRange     '1.0.1-beta',
51 silly addNameRange     '1.0.3-beta',
51 silly addNameRange     '1.0.4',
51 silly addNameRange     '1.0.5',
51 silly addNameRange     '1.0.6',
51 silly addNameRange     '1.0.7',
51 silly addNameRange     '1.0.8',
51 silly addNameRange     '1.0.9',
51 silly addNameRange     '1.0.10',
51 silly addNameRange     '1.0.11',
51 silly addNameRange     '1.0.12',
51 silly addNameRange     '1.0.13',
51 silly addNameRange     '1.0.14',
51 silly addNameRange     '1.0.15',
51 silly addNameRange     '1.0.16',
51 silly addNameRange     '1.0.17',
51 silly addNameRange     '1.1.0-beta1',
51 silly addNameRange     '1.1.0-beta2',
51 silly addNameRange     '1.1.0-beta3',
51 silly addNameRange     '1.1.0-beta4',
51 silly addNameRange     '1.1.0-beta5',
51 silly addNameRange     '1.1.0-beta6',
51 silly addNameRange     '1.1.0',
51 silly addNameRange     '1.1.1-beta1',
51 silly addNameRange     '1.1.1-beta2',
51 silly addNameRange     '1.1.1-beta3',
51 silly addNameRange     '1.1.1',
51 silly addNameRange     '1.1.3',
51 silly addNameRange     '1.1.4',
51 silly addNameRange     '1.1.5-beta1',
51 silly addNameRange     '1.1.5-beta2',
51 silly addNameRange     '1.1.5-beta3',
51 silly addNameRange     '1.1.5-beta4',
51 silly addNameRange     '1.1.5-beta5',
51 silly addNameRange     '1.1.5',
51 silly addNameRange     '1.1.6',
51 silly addNameRange     '1.1.7-beta1',
51 silly addNameRange     '1.1.7',
51 silly addNameRange     '1.1.8-beta1',
51 silly addNameRange     '1.1.8-beta2',
51 silly addNameRange     '1.1.8-beta3',
51 silly addNameRange     '1.1.8-beta4',
51 silly addNameRange     '1.1.8-beta5',
51 silly addNameRange     '1.1.8',
51 silly addNameRange     '1.1.9-beta1',
51 silly addNameRange     '1.1.9',
51 silly addNameRange     '1.1.10',
51 silly addNameRange     '1.1.11-beta1',
51 silly addNameRange     '1.1.11-beta2',
51 silly addNameRange     '1.1.11',
51 silly addNameRange     '1.1.12-beta1',
51 silly addNameRange     '1.1.12-beta2',
51 silly addNameRange     '1.1.12-beta3',
51 silly addNameRange     '1.1.12',
51 silly addNameRange     '1.1.13',
51 silly addNameRange     '1.1.14-beta1',
51 silly addNameRange     '1.1.14-beta2',
51 silly addNameRange     '1.1.14-beta3',
51 silly addNameRange     '1.2.0-beta1',
51 silly addNameRange     '1.2.0',
51 silly addNameRange     '1.2.1-beta1',
51 silly addNameRange     '1.2.1-beta2',
51 silly addNameRange     '1.2.1-beta3',
51 silly addNameRange     '1.2.1-beta4',
51 silly addNameRange     '1.2.1',
51 silly addNameRange     '1.2.2',
51 silly addNameRange     '1.2.3-beta1',
51 silly addNameRange     '1.2.3-beta2',
51 silly addNameRange     '1.2.3-beta3',
51 silly addNameRange     '1.2.3',
51 silly addNameRange     '1.2.4-beta1',
51 silly addNameRange     '1.2.4-beta2',
51 silly addNameRange     '1.2.4-beta3',
51 silly addNameRange     '1.2.4',
51 silly addNameRange     '1.2.5-beta1',
51 silly addNameRange     '1.2.5-beta2',
51 silly addNameRange     '1.2.5-beta3',
51 silly addNameRange     '1.2.5',
51 silly addNameRange     '1.2.6-beta1',
51 silly addNameRange     '1.2.6-beta2',
51 silly addNameRange     '1.2.6-beta3',
51 silly addNameRange     '1.2.6',
51 silly addNameRange     '1.2.7',
51 silly addNameRange     '1.2.8-beta1',
51 silly addNameRange     '1.2.8-beta2',
51 silly addNameRange     '1.2.8',
51 silly addNameRange     '1.2.9',
51 silly addNameRange     '1.2.10',
51 silly addNameRange     '1.2.11',
51 silly addNameRange     '1.2.12',
51 silly addNameRange     '1.2.13',
51 silly addNameRange     '1.2.14-beta1',
51 silly addNameRange     '1.2.14-beta2',
51 silly addNameRange     '1.2.14-beta3',
51 silly addNameRange     '1.2.14-beta4',
51 silly addNameRange     '1.2.14-beta5',
51 silly addNameRange     '1.2.14-beta6',
51 silly addNameRange     '1.2.14',
51 silly addNameRange     '1.3.0-beta1',
51 silly addNameRange     '1.3.0',
51 silly addNameRange     '1.3.1',
51 silly addNameRange     '1.3.2',
51 silly addNameRange     '1.3.3',
51 silly addNameRange     '1.3.4',
51 silly addNameRange     '1.3.5',
51 silly addNameRange     '1.3.6',
51 silly addNameRange     '1.3.7',
51 silly addNameRange     '1.3.8' ] ]
52 verbose addNamed [ 'ionic', '1.3.8' ]
53 verbose addNamed [ '1.3.8', '1.3.8' ]
54 silly lockFile 1bd4aba2-ionic-1-3-8 ionic@1.3.8
55 verbose lock ionic@1.3.8 /Users/Philip/.npm/1bd4aba2-ionic-1-3-8.lock
56 silly lockFile 1bd4aba2-ionic-1-3-8 ionic@1.3.8
57 silly lockFile 1bd4aba2-ionic-1-3-8 ionic@1.3.8
58 silly lockFile 966fc04a-ionic ionic@
59 silly lockFile 966fc04a-ionic ionic@
60 http 200 https://registry.npmjs.org/cordova
61 silly registry.get cb [ 200,
61 silly registry.get   { date: 'Sun, 08 Feb 2015 05:47:43 GMT',
61 silly registry.get     server: 'CouchDB/1.5.0 (Erlang OTP/R16B03)',
61 silly registry.get     etag: '"426A8DNTA7G3J89VR5GPU3Q8S"',
61 silly registry.get     'content-type': 'application/json',
61 silly registry.get     'cache-control': 'max-age=60',
61 silly registry.get     'content-length': '337810',
61 silly registry.get     'accept-ranges': 'bytes',
61 silly registry.get     via: '1.1 varnish',
61 silly registry.get     age: '0',
61 silly registry.get     'x-served-by': 'cache-atl6234-ATL',
61 silly registry.get     'x-cache': 'HIT',
61 silly registry.get     'x-cache-hits': '1',
61 silly registry.get     'x-timer': 'S1423374463.717146,VS0,VE76',
61 silly registry.get     vary: 'Accept',
61 silly registry.get     'keep-alive': 'timeout=10, max=50',
61 silly registry.get     connection: 'Keep-Alive' } ]
62 silly addNameRange number 2 { name: 'cordova', range: '*', hasData: true }
63 silly addNameRange versions [ 'cordova',
63 silly addNameRange   [ '0.0.1',
63 silly addNameRange     '0.0.2',
63 silly addNameRange     '0.0.3',
63 silly addNameRange     '0.0.4',
63 silly addNameRange     '0.0.5',
63 silly addNameRange     '0.0.6',
63 silly addNameRange     '0.0.7',
63 silly addNameRange     '0.0.8',
63 silly addNameRange     '0.0.9',
63 silly addNameRange     '0.1.0',
63 silly addNameRange     '0.1.1',
63 silly addNameRange     '0.1.2',
63 silly addNameRange     '0.1.3',
63 silly addNameRange     '0.1.4',
63 silly addNameRange     '0.1.5',
63 silly addNameRange     '0.1.6',
63 silly addNameRange     '0.1.7',
63 silly addNameRange     '0.1.8',
63 silly addNameRange     '0.1.9',
63 silly addNameRange     '0.1.10',
63 silly addNameRange     '0.1.11',
63 silly addNameRange     '0.1.12',
63 silly addNameRange     '0.1.13',
63 silly addNameRange     '0.1.14',
63 silly addNameRange     '2.2.0',
63 silly addNameRange     '2.3.0',
63 silly addNameRange     '2.3.1',
63 silly addNameRange     '2.3.2',
63 silly addNameRange     '2.3.3',
63 silly addNameRange     '2.3.5',
63 silly addNameRange     '2.3.6',
63 silly addNameRange     '2.4.0',
63 silly addNameRange     '2.4.1',
63 silly addNameRange     '2.4.2',
63 silly addNameRange     '2.4.3',
63 silly addNameRange     '2.4.4',
63 silly addNameRange     '2.4.5',
63 silly addNameRange     '2.4.6',
63 silly addNameRange     '2.4.7',
63 silly addNameRange     '2.4.8',
63 silly addNameRange     '2.4.9',
63 silly addNameRange     '2.4.10',
63 silly addNameRange     '2.5.0',
63 silly addNameRange     '2.5.2',
63 silly addNameRange     '2.5.3',
63 silly addNameRange     '2.5.4',
63 silly addNameRange     '2.5.5',
63 silly addNameRange     '2.6.0',
63 silly addNameRange     '2.6.1',
63 silly addNameRange     '2.6.2',
63 silly addNameRange     '2.7.0-rc.1',
63 silly addNameRange     '2.7.1-rc.1',
63 silly addNameRange     '2.7.2',
63 silly addNameRange     '2.7.3',
63 silly addNameRange     '2.7.4',
63 silly addNameRange     '2.8.0',
63 silly addNameRange     '2.8.1',
63 silly addNameRange     '2.8.2',
63 silly addNameRange     '2.8.3',
63 silly addNameRange     '2.8.4',
63 silly addNameRange     '2.8.5',
63 silly addNameRange     '2.8.6',
63 silly addNameRange     '2.8.7',
63 silly addNameRange     '2.8.8',
63 silly addNameRange     '2.8.9',
63 silly addNameRange     '2.8.10',
63 silly addNameRange     '2.8.11',
63 silly addNameRange     '2.8.12',
63 silly addNameRange     '2.8.13',
63 silly addNameRange     '2.8.14',
63 silly addNameRange     '2.8.15',
63 silly addNameRange     '2.8.16',
63 silly addNameRange     '2.8.17',
63 silly addNameRange     '2.8.18',
63 silly addNameRange     '2.8.19',
63 silly addNameRange     '2.8.20',
63 silly addNameRange     '2.8.21',
63 silly addNameRange     '2.8.22',
63 silly addNameRange     '2.8.23',
63 silly addNameRange     '2.8.24',
63 silly addNameRange     '2.8.25',
63 silly addNameRange     '2.9.0',
63 silly addNameRange     '2.9.1',
63 silly addNameRange     '2.9.2',
63 silly addNameRange     '2.9.3',
63 silly addNameRange     '2.9.4',
63 silly addNameRange     '2.9.5',
63 silly addNameRange     '2.9.6',
63 silly addNameRange     '2.9.7',
63 silly addNameRange     '3.0.0-rc1',
63 silly addNameRange     '3.0.0-rc1-1',
63 silly addNameRange     '3.0.0-rc1-3',
63 silly addNameRange     '3.0.0',
63 silly addNameRange     '3.0.1',
63 silly addNameRange     '3.0.2',
63 silly addNameRange     '3.0.3',
63 silly addNameRange     '3.0.4',
63 silly addNameRange     '3.0.5',
63 silly addNameRange     '3.0.6',
63 silly addNameRange     '3.0.7',
63 silly addNameRange     '3.0.8',
63 silly addNameRange     '3.0.9',
63 silly addNameRange     '3.0.10',
63 silly addNameRange     '3.1.0-0.1.0',
63 silly addNameRange     '3.1.0-0.2.0',
63 silly addNameRange     '3.2.0-rc.1',
63 silly addNameRange     '3.2.0-0.1.0',
63 silly addNameRange     '3.2.0-0.2.0',
63 silly addNameRange     '3.2.0-0.3.0',
63 silly addNameRange     '3.2.0-0.4.0',
63 silly addNameRange     '3.3.0-rc.1',
63 silly addNameRange     '3.3.0-0.1.1',
63 silly addNameRange     '3.3.1-0.1.2',
63 silly addNameRange     '2.9.0-rc1',
63 silly addNameRange     '3.3.1-0.3.0',
63 silly addNameRange     '3.3.1-0.3.1',
63 silly addNameRange     '3.3.1-0.4.1',
63 silly addNameRange     '3.3.1-0.4.2',
63 silly addNameRange     '3.4.0-0.1.0',
63 silly addNameRange     '3.4.0-0.1.1',
63 silly addNameRange     '3.4.0-0.1.2',
63 silly addNameRange     '3.4.0-0.1.3',
63 silly addNameRange     '0.0.0-fake',
63 silly addNameRange     '3.4.1-0.1.0',
63 silly addNameRange     '3.5.0-0.2.0',
63 silly addNameRange     '3.5.0-0.2.1',
63 silly addNameRange     '3.5.0-0.2.2',
63 silly addNameRange     '3.5.0-0.2.3',
63 silly addNameRange     '3.5.0-0.2.4',
63 silly addNameRange     '3.5.0-0.2.6',
63 silly addNameRange     '3.5.0-0.2.7',
63 silly addNameRange     '3.6.0-0.2.8',
63 silly addNameRange     '3.6.0-0.2.9',
63 silly addNameRange     '3.6.1-0.2.10',
63 silly addNameRange     '3.6.3-0.2.11',
63 silly addNameRange     '3.6.3-0.2.12',
63 silly addNameRange     '3.6.3-0.2.13',
63 silly addNameRange     '4.0.0',
63 silly addNameRange     '4.0.1',
63 silly addNameRange     '4.1.0',
63 silly addNameRange     '4.1.1',
63 silly addNameRange     '4.1.2',
63 silly addNameRange     '4.1.3-nightly.2014.10.21',
63 silly addNameRange     '4.2.0' ] ]
64 verbose addNamed [ 'cordova', '4.2.0' ]
65 verbose addNamed [ '4.2.0', '4.2.0' ]
66 silly lockFile ab86ab8c-cordova-4-2-0 cordova@4.2.0
67 verbose lock cordova@4.2.0 /Users/Philip/.npm/ab86ab8c-cordova-4-2-0.lock
68 silly lockFile baf9be59-js-org-cordova-cordova-4-2-0-tgz https://registry.npmjs.org/cordova/-/cordova-4.2.0.tgz
69 verbose lock https://registry.npmjs.org/cordova/-/cordova-4.2.0.tgz /Users/Philip/.npm/baf9be59-js-org-cordova-cordova-4-2-0-tgz.lock
70 verbose addRemoteTarball [ 'https://registry.npmjs.org/cordova/-/cordova-4.2.0.tgz',
70 verbose addRemoteTarball   'e4519197040b09b1bd131ecebc847716a2a7d7d0' ]
71 info retry fetch attempt 1 at 00:47:44
72 verbose fetch to= /var/folders/j4/_xrcgj0d465bs730m7sg08ym0000gn/T/npm-44800-SZOM7snl/registry.npmjs.org/cordova/-/cordova-4.2.0.tgz
73 http GET https://registry.npmjs.org/cordova/-/cordova-4.2.0.tgz
74 http 200 https://registry.npmjs.org/cordova/-/cordova-4.2.0.tgz
75 silly lockFile baf9be59-js-org-cordova-cordova-4-2-0-tgz https://registry.npmjs.org/cordova/-/cordova-4.2.0.tgz
76 silly lockFile baf9be59-js-org-cordova-cordova-4-2-0-tgz https://registry.npmjs.org/cordova/-/cordova-4.2.0.tgz
77 silly lockFile ab86ab8c-cordova-4-2-0 cordova@4.2.0
78 silly lockFile ab86ab8c-cordova-4-2-0 cordova@4.2.0
79 silly lockFile de8d9fad-cordova cordova@
80 silly lockFile de8d9fad-cordova cordova@
81 error Error: EACCES, mkdir '/Users/Philip/.npm/cordova/4.2.0'
81 error  { [Error: EACCES, mkdir '/Users/Philip/.npm/cordova/4.2.0']
81 error   errno: 3,
81 error   code: 'EACCES',
81 error   path: '/Users/Philip/.npm/cordova/4.2.0' }
82 error Please try running this command again as root/Administrator.
83 error System Darwin 14.1.0
84 error command "node" "/usr/local/bin/npm" "install" "-g" "cordova" "ionic"
85 error cwd /Developer/pichub
86 error node -v v0.10.32
87 error npm -v 1.4.28
88 error path /Users/Philip/.npm/cordova/4.2.0
89 error code EACCES
90 error errno 3
91 error stack Error: EACCES, mkdir '/Users/Philip/.npm/cordova/4.2.0'
92 verbose exit [ 3, true ]
